<?xml version="1.0" encoding="UTF-8"?>
<testsuite xmlns:xsi="http://www.w3.org/2001/XMLSchema-instance" xsi:noNamespaceSchemaLocation="https://maven.apache.org/surefire/maven-surefire-plugin/xsd/surefire-test-report.xsd" version="3.0.2" name="br.com.iago.smartdelivery.SmartdeliveryApplicationTests" time="1.839" tests="1" errors="0" skipped="0" failures="0">
  <properties>
[...]
</properties>
  <testcase name="contextLoads" classname="br.com.iago.smartdelivery.SmartdeliveryApplicationTests" time="0.238">
    <system-out><![CDATA[16:49:09.285 [main] INFO org.springframework.test.context.support.AnnotationConfigContextLoaderUtils -- Could not detect default configuration classes for test class [br.com.iago.smartdelivery.SmartdeliveryApplicationTests]: SmartdeliveryApplicationTests does not declare any static, non-private, non-final, nested classes annotated with @Configuration.
16:49:09.337 [main] INFO org.springframework.boot.test.context.SpringBootTestContextBootstrapper -- Found @SpringBootConfiguration br.com.iago.smartdelivery.SmartdeliveryApplication for test class br.com.iago.smartdelivery.SmartdeliveryApplicationTests
16:49:09.392 [main] INFO org.springframework.boot.devtools.restart.RestartApplicationListener -- Restart disabled due to context in which it is running

  .   ____          _            __ _ _
 /\\ / ___'_ __ _ _(_)_ __  __ _ \ \ \ \
( ( )\___ | '_ | '_| | '_ \/ _` | \ \ \ \
 \\/  ___)| |_)| | | | | || (_| |  ) ) ) )
  '  |____| .__|_| |_|_| |_\__, | / / / /
 =========|_|==============|___/=/_/_/_/

 :: Spring Boot ::                (v3.5.6)

2025-09-22T16:49:09.525-03:00  INFO 2022 --- [           main] b.c.i.s.SmartdeliveryApplicationTests    : Starting SmartdeliveryApplicationTests using Java 21.0.8 with PID 2022 (started by iago in /Users/iago/Documents/GitHub/smart-delivery)
2025-09-22T16:49:09.525-03:00  INFO 2022 --- [           main] b.c.i.s.SmartdeliveryApplicationTests    : No active profile set, falling back to 1 default profile: "default"
2025-09-22T16:49:09.777-03:00  INFO 2022 --- [           main] .s.d.r.c.RepositoryConfigurationDelegate : Bootstrapping Spring Data JPA repositories in DEFAULT mode.
2025-09-22T16:49:09.786-03:00  INFO 2022 --- [           main] .s.d.r.c.RepositoryConfigurationDelegate : Finished Spring Data repository scanning in 4 ms. Found 0 JPA repository interfaces.
2025-09-22T16:49:09.960-03:00  INFO 2022 --- [           main] o.hibernate.jpa.internal.util.LogHelper  : HHH000204: Processing PersistenceUnitInfo [name: default]
2025-09-22T16:49:09.985-03:00  INFO 2022 --- [           main] org.hibernate.Version                    : HHH000412: Hibernate ORM core version 6.6.29.Final
2025-09-22T16:49:09.997-03:00  INFO 2022 --- [           main] o.h.c.internal.RegionFactoryInitiator    : HHH000026: Second-level cache disabled
2025-09-22T16:49:10.101-03:00  INFO 2022 --- [           main] o.s.o.j.p.SpringPersistenceUnitInfo      : No LoadTimeWeaver setup: ignoring JPA class transformer
2025-09-22T16:49:10.112-03:00  INFO 2022 --- [           main] com.zaxxer.hikari.HikariDataSource       : HikariPool-1 - Starting...
2025-09-22T16:49:10.188-03:00  INFO 2022 --- [           main] com.zaxxer.hikari.pool.HikariPool        : HikariPool-1 - Added connection org.postgresql.jdbc.PgConnection@101c15ad
2025-09-22T16:49:10.189-03:00  INFO 2022 --- [           main] com.zaxxer.hikari.HikariDataSource       : HikariPool-1 - Start completed.
2025-09-22T16:49:10.220-03:00  INFO 2022 --- [           main] org.hibernate.orm.connections.pooling    : HHH10001005: Database info:
	Database JDBC URL [Connecting through datasource 'HikariDataSource (HikariPool-1)']
	Database driver: undefined/unknown
	Database version: 17.6
	Autocommit mode: undefined/unknown
	Isolation level: undefined/unknown
	Minimum pool size: undefined/unknown
	Maximum pool size: undefined/unknown
2025-09-22T16:49:10.514-03:00  INFO 2022 --- [           main] o.h.e.t.j.p.i.JtaPlatformInitiator       : HHH000489: No JTA platform available (set 'hibernate.transaction.jta.platform' to enable JTA platform integration)
2025-09-22T16:49:10.544-03:00  INFO 2022 --- [           main] j.LocalContainerEntityManagerFactoryBean : Initialized JPA EntityManagerFactory for persistence unit 'default'
2025-09-22T16:49:10.605-03:00  WARN 2022 --- [           main] JpaBaseConfiguration$JpaWebConfiguration : spring.jpa.open-in-view is enabled by default. Therefore, database queries may be performed during view rendering. Explicitly configure spring.jpa.open-in-view to disable this warning
2025-09-22T16:49:10.685-03:00  WARN 2022 --- [           main] .s.s.UserDetailsServiceAutoConfiguration : 

Using generated security password: 05cb8d3a-d575-4ac9-8bb3-dd3bc33af989

This generated password is for development use only. Your security configuration must be updated before running your application in production.

2025-09-22T16:49:10.687-03:00  INFO 2022 --- [           main] r$InitializeUserDetailsManagerConfigurer : Global AuthenticationManager configured with UserDetailsService bean with name inMemoryUserDetailsManager
2025-09-22T16:49:10.829-03:00  INFO 2022 --- [           main] b.c.i.s.SmartdeliveryApplicationTests    : Started SmartdeliveryApplicationTests in 1.441 seconds (process running for 1.813)
]]></system-out>
    <system-err><![CDATA[Mockito is currently self-attaching to enable the inline-mock-maker. This will no longer work in future releases of the JDK. Please add Mockito as an agent to your build as described in Mockito's documentation: https://javadoc.io/doc/org.mockito/mockito-core/latest/org.mockito/org/mockito/Mockito.html#0.3
WARNING: A Java agent has been loaded dynamically (/Users/iago/.m2/repository/net/bytebuddy/byte-buddy-agent/1.17.7/byte-buddy-agent-1.17.7.jar)
WARNING: If a serviceability tool is in use, please run with -XX:+EnableDynamicAgentLoading to hide this warning
WARNING: If a serviceability tool is not in use, please run with -Djdk.instrument.traceUsage for more information
WARNING: Dynamic loading of agents will be disallowed by default in a future release
]]></system-err>
  </testcase>
</testsuite>